mode: set
_/Users/alaroldai/sync/root/Projects/ied-go/src/github.com/alaroldai/goFingerTree/Slice.go:22.48,24.22 2 1
_/Users/alaroldai/sync/root/Projects/ied-go/src/github.com/alaroldai/goFingerTree/Slice.go:27.2,27.10 1 1
_/Users/alaroldai/sync/root/Projects/ied-go/src/github.com/alaroldai/goFingerTree/Slice.go:24.22,26.3 1 1
_/Users/alaroldai/sync/root/Projects/ied-go/src/github.com/alaroldai/goFingerTree/Slice.go:30.48,32.19 2 1
_/Users/alaroldai/sync/root/Projects/ied-go/src/github.com/alaroldai/goFingerTree/Slice.go:35.2,35.10 1 1
_/Users/alaroldai/sync/root/Projects/ied-go/src/github.com/alaroldai/goFingerTree/Slice.go:32.19,34.3 1 1
_/Users/alaroldai/sync/root/Projects/ied-go/src/github.com/alaroldai/goFingerTree/Slice.go:38.34,39.22 1 1
_/Users/alaroldai/sync/root/Projects/ied-go/src/github.com/alaroldai/goFingerTree/Slice.go:39.22,41.3 1 1
_/Users/alaroldai/sync/root/Projects/ied-go/src/github.com/alaroldai/goFingerTree/Slice.go:44.34,45.22 1 1
_/Users/alaroldai/sync/root/Projects/ied-go/src/github.com/alaroldai/goFingerTree/Slice.go:45.22,47.3 1 1
_/Users/alaroldai/sync/root/Projects/ied-go/src/github.com/alaroldai/goFingerTree/Slice.go:50.34,51.22 1 1
_/Users/alaroldai/sync/root/Projects/ied-go/src/github.com/alaroldai/goFingerTree/Slice.go:54.2,54.22 1 1
_/Users/alaroldai/sync/root/Projects/ied-go/src/github.com/alaroldai/goFingerTree/Slice.go:59.2,59.13 1 1
_/Users/alaroldai/sync/root/Projects/ied-go/src/github.com/alaroldai/goFingerTree/Slice.go:51.22,53.3 1 0
_/Users/alaroldai/sync/root/Projects/ied-go/src/github.com/alaroldai/goFingerTree/Slice.go:54.22,55.16 1 1
_/Users/alaroldai/sync/root/Projects/ied-go/src/github.com/alaroldai/goFingerTree/Slice.go:55.16,57.4 1 0
_/Users/alaroldai/sync/root/Projects/ied-go/src/github.com/alaroldai/goFingerTree/Slice.go:62.32,64.2 1 0
_/Users/alaroldai/sync/root/Projects/ied-go/src/github.com/alaroldai/goFingerTree/empty.go:5.25,7.2 1 1
_/Users/alaroldai/sync/root/Projects/ied-go/src/github.com/alaroldai/goFingerTree/empty.go:9.52,11.2 1 1
_/Users/alaroldai/sync/root/Projects/ied-go/src/github.com/alaroldai/goFingerTree/empty.go:13.52,15.2 1 1
_/Users/alaroldai/sync/root/Projects/ied-go/src/github.com/alaroldai/goFingerTree/empty.go:17.41,19.2 1 1
_/Users/alaroldai/sync/root/Projects/ied-go/src/github.com/alaroldai/goFingerTree/empty.go:21.42,23.2 1 1
_/Users/alaroldai/sync/root/Projects/ied-go/src/github.com/alaroldai/goFingerTree/empty.go:25.42,27.2 1 1
_/Users/alaroldai/sync/root/Projects/ied-go/src/github.com/alaroldai/goFingerTree/empty.go:29.41,31.2 1 1
_/Users/alaroldai/sync/root/Projects/ied-go/src/github.com/alaroldai/goFingerTree/empty.go:33.35,35.2 1 1
_/Users/alaroldai/sync/root/Projects/ied-go/src/github.com/alaroldai/goFingerTree/empty.go:37.35,39.2 1 1
_/Users/alaroldai/sync/root/Projects/ied-go/src/github.com/alaroldai/goFingerTree/empty.go:41.29,43.2 1 1
_/Users/alaroldai/sync/root/Projects/ied-go/src/github.com/alaroldai/goFingerTree/empty.go:45.29,47.2 1 1
_/Users/alaroldai/sync/root/Projects/ied-go/src/github.com/alaroldai/goFingerTree/empty.go:49.36,52.2 1 1
_/Users/alaroldai/sync/root/Projects/ied-go/src/github.com/alaroldai/goFingerTree/empty.go:54.36,56.2 1 1
_/Users/alaroldai/sync/root/Projects/ied-go/src/github.com/alaroldai/goFingerTree/empty.go:58.32,60.2 1 1
_/Users/alaroldai/sync/root/Projects/ied-go/src/github.com/alaroldai/goFingerTree/empty.go:62.50,64.2 1 1
_/Users/alaroldai/sync/root/Projects/ied-go/src/github.com/alaroldai/goFingerTree/empty.go:66.50,68.2 1 1
_/Users/alaroldai/sync/root/Projects/ied-go/src/github.com/alaroldai/goFingerTree/fingerTree.go:33.34,34.32 1 1
_/Users/alaroldai/sync/root/Projects/ied-go/src/github.com/alaroldai/goFingerTree/fingerTree.go:37.2,37.45 1 1
_/Users/alaroldai/sync/root/Projects/ied-go/src/github.com/alaroldai/goFingerTree/fingerTree.go:34.32,36.3 1 1
_/Users/alaroldai/sync/root/Projects/ied-go/src/github.com/alaroldai/goFingerTree/fingerTree.go:40.42,41.39 1 1
_/Users/alaroldai/sync/root/Projects/ied-go/src/github.com/alaroldai/goFingerTree/fingerTree.go:45.2,45.48 1 1
_/Users/alaroldai/sync/root/Projects/ied-go/src/github.com/alaroldai/goFingerTree/fingerTree.go:41.39,43.3 1 1
_/Users/alaroldai/sync/root/Projects/ied-go/src/github.com/alaroldai/goFingerTree/fingerTree.go:55.28,56.18 1 1
_/Users/alaroldai/sync/root/Projects/ied-go/src/github.com/alaroldai/goFingerTree/fingerTree.go:59.2,59.18 1 1
_/Users/alaroldai/sync/root/Projects/ied-go/src/github.com/alaroldai/goFingerTree/fingerTree.go:62.2,62.18 1 1
_/Users/alaroldai/sync/root/Projects/ied-go/src/github.com/alaroldai/goFingerTree/fingerTree.go:65.2,65.18 1 1
_/Users/alaroldai/sync/root/Projects/ied-go/src/github.com/alaroldai/goFingerTree/fingerTree.go:68.2,68.17 1 1
_/Users/alaroldai/sync/root/Projects/ied-go/src/github.com/alaroldai/goFingerTree/fingerTree.go:71.2,71.16 1 0
_/Users/alaroldai/sync/root/Projects/ied-go/src/github.com/alaroldai/goFingerTree/fingerTree.go:56.18,58.3 1 0
_/Users/alaroldai/sync/root/Projects/ied-go/src/github.com/alaroldai/goFingerTree/fingerTree.go:59.18,61.3 1 1
_/Users/alaroldai/sync/root/Projects/ied-go/src/github.com/alaroldai/goFingerTree/fingerTree.go:62.18,64.3 1 1
_/Users/alaroldai/sync/root/Projects/ied-go/src/github.com/alaroldai/goFingerTree/fingerTree.go:65.18,67.3 1 1
_/Users/alaroldai/sync/root/Projects/ied-go/src/github.com/alaroldai/goFingerTree/fingerTree.go:68.17,70.3 1 1
_/Users/alaroldai/sync/root/Projects/ied-go/src/github.com/alaroldai/goFingerTree/fingerTree.go:78.59,80.50 1 1
_/Users/alaroldai/sync/root/Projects/ied-go/src/github.com/alaroldai/goFingerTree/fingerTree.go:88.2,88.50 1 1
_/Users/alaroldai/sync/root/Projects/ied-go/src/github.com/alaroldai/goFingerTree/fingerTree.go:97.2,97.17 1 1
_/Users/alaroldai/sync/root/Projects/ied-go/src/github.com/alaroldai/goFingerTree/fingerTree.go:100.2,100.17 1 1
_/Users/alaroldai/sync/root/Projects/ied-go/src/github.com/alaroldai/goFingerTree/fingerTree.go:105.2,106.10 2 1
_/Users/alaroldai/sync/root/Projects/ied-go/src/github.com/alaroldai/goFingerTree/fingerTree.go:109.2,110.10 2 1
_/Users/alaroldai/sync/root/Projects/ied-go/src/github.com/alaroldai/goFingerTree/fingerTree.go:115.2,124.3 5 1
_/Users/alaroldai/sync/root/Projects/ied-go/src/github.com/alaroldai/goFingerTree/fingerTree.go:80.50,82.23 2 1
_/Users/alaroldai/sync/root/Projects/ied-go/src/github.com/alaroldai/goFingerTree/fingerTree.go:85.3,85.11 1 1
_/Users/alaroldai/sync/root/Projects/ied-go/src/github.com/alaroldai/goFingerTree/fingerTree.go:82.23,84.4 1 1
_/Users/alaroldai/sync/root/Projects/ied-go/src/github.com/alaroldai/goFingerTree/fingerTree.go:88.50,90.23 2 1
_/Users/alaroldai/sync/root/Projects/ied-go/src/github.com/alaroldai/goFingerTree/fingerTree.go:93.3,93.11 1 1
_/Users/alaroldai/sync/root/Projects/ied-go/src/github.com/alaroldai/goFingerTree/fingerTree.go:90.23,92.4 1 1
_/Users/alaroldai/sync/root/Projects/ied-go/src/github.com/alaroldai/goFingerTree/fingerTree.go:97.17,99.3 1 1
_/Users/alaroldai/sync/root/Projects/ied-go/src/github.com/alaroldai/goFingerTree/fingerTree.go:100.17,102.3 1 1
_/Users/alaroldai/sync/root/Projects/ied-go/src/github.com/alaroldai/goFingerTree/fingerTree.go:106.10,108.3 1 1
_/Users/alaroldai/sync/root/Projects/ied-go/src/github.com/alaroldai/goFingerTree/fingerTree.go:110.10,112.3 1 1
_/Users/alaroldai/sync/root/Projects/ied-go/src/github.com/alaroldai/goFingerTree/ftree.go:13.66,19.2 1 1
_/Users/alaroldai/sync/root/Projects/ied-go/src/github.com/alaroldai/goFingerTree/ftree.go:21.52,22.39 1 1
_/Users/alaroldai/sync/root/Projects/ied-go/src/github.com/alaroldai/goFingerTree/ftree.go:27.2,29.28 3 1
_/Users/alaroldai/sync/root/Projects/ied-go/src/github.com/alaroldai/goFingerTree/ftree.go:22.39,25.3 2 1
_/Users/alaroldai/sync/root/Projects/ied-go/src/github.com/alaroldai/goFingerTree/ftree.go:32.52,33.39 1 1
_/Users/alaroldai/sync/root/Projects/ied-go/src/github.com/alaroldai/goFingerTree/ftree.go:38.2,40.27 3 1
_/Users/alaroldai/sync/root/Projects/ied-go/src/github.com/alaroldai/goFingerTree/ftree.go:33.39,36.3 2 1
_/Users/alaroldai/sync/root/Projects/ied-go/src/github.com/alaroldai/goFingerTree/ftree.go:43.41,44.21 1 1
_/Users/alaroldai/sync/root/Projects/ied-go/src/github.com/alaroldai/goFingerTree/ftree.go:52.2,65.3 4 1
_/Users/alaroldai/sync/root/Projects/ied-go/src/github.com/alaroldai/goFingerTree/ftree.go:44.21,50.3 1 1
_/Users/alaroldai/sync/root/Projects/ied-go/src/github.com/alaroldai/goFingerTree/ftree.go:68.42,70.2 1 1
_/Users/alaroldai/sync/root/Projects/ied-go/src/github.com/alaroldai/goFingerTree/ftree.go:72.42,74.2 1 1
_/Users/alaroldai/sync/root/Projects/ied-go/src/github.com/alaroldai/goFingerTree/ftree.go:76.41,77.22 1 1
_/Users/alaroldai/sync/root/Projects/ied-go/src/github.com/alaroldai/goFingerTree/ftree.go:85.2,98.3 4 1
_/Users/alaroldai/sync/root/Projects/ied-go/src/github.com/alaroldai/goFingerTree/ftree.go:77.22,83.3 1 1
_/Users/alaroldai/sync/root/Projects/ied-go/src/github.com/alaroldai/goFingerTree/ftree.go:101.35,102.33 1 1
_/Users/alaroldai/sync/root/Projects/ied-go/src/github.com/alaroldai/goFingerTree/ftree.go:102.33,105.3 2 1
_/Users/alaroldai/sync/root/Projects/ied-go/src/github.com/alaroldai/goFingerTree/ftree.go:108.35,109.33 1 1
_/Users/alaroldai/sync/root/Projects/ied-go/src/github.com/alaroldai/goFingerTree/ftree.go:109.33,112.3 2 1
_/Users/alaroldai/sync/root/Projects/ied-go/src/github.com/alaroldai/goFingerTree/ftree.go:115.29,117.2 1 1
_/Users/alaroldai/sync/root/Projects/ied-go/src/github.com/alaroldai/goFingerTree/ftree.go:119.29,121.2 1 1
_/Users/alaroldai/sync/root/Projects/ied-go/src/github.com/alaroldai/goFingerTree/ftree.go:123.63,124.20 1 1
_/Users/alaroldai/sync/root/Projects/ied-go/src/github.com/alaroldai/goFingerTree/ftree.go:132.2,132.17 1 1
_/Users/alaroldai/sync/root/Projects/ied-go/src/github.com/alaroldai/goFingerTree/ftree.go:136.2,140.3 1 1
_/Users/alaroldai/sync/root/Projects/ied-go/src/github.com/alaroldai/goFingerTree/ftree.go:124.20,130.3 1 1
_/Users/alaroldai/sync/root/Projects/ied-go/src/github.com/alaroldai/goFingerTree/ftree.go:132.17,134.3 1 1
_/Users/alaroldai/sync/root/Projects/ied-go/src/github.com/alaroldai/goFingerTree/ftree.go:143.63,144.19 1 1
_/Users/alaroldai/sync/root/Projects/ied-go/src/github.com/alaroldai/goFingerTree/ftree.go:152.2,152.17 1 1
_/Users/alaroldai/sync/root/Projects/ied-go/src/github.com/alaroldai/goFingerTree/ftree.go:156.2,160.3 1 1
_/Users/alaroldai/sync/root/Projects/ied-go/src/github.com/alaroldai/goFingerTree/ftree.go:144.19,150.3 1 1
_/Users/alaroldai/sync/root/Projects/ied-go/src/github.com/alaroldai/goFingerTree/ftree.go:152.17,154.3 1 1
_/Users/alaroldai/sync/root/Projects/ied-go/src/github.com/alaroldai/goFingerTree/ftree.go:163.36,165.2 1 1
_/Users/alaroldai/sync/root/Projects/ied-go/src/github.com/alaroldai/goFingerTree/ftree.go:167.36,169.2 1 1
_/Users/alaroldai/sync/root/Projects/ied-go/src/github.com/alaroldai/goFingerTree/ftree.go:171.32,173.2 1 1
_/Users/alaroldai/sync/root/Projects/ied-go/src/github.com/alaroldai/goFingerTree/ftree.go:175.54,177.14 2 1
_/Users/alaroldai/sync/root/Projects/ied-go/src/github.com/alaroldai/goFingerTree/ftree.go:181.2,181.39 1 1
_/Users/alaroldai/sync/root/Projects/ied-go/src/github.com/alaroldai/goFingerTree/ftree.go:177.14,179.3 1 1
_/Users/alaroldai/sync/root/Projects/ied-go/src/github.com/alaroldai/goFingerTree/ftree.go:184.54,186.2 1 1
_/Users/alaroldai/sync/root/Projects/ied-go/src/github.com/alaroldai/goFingerTree/node.go:12.33,14.2 1 1
_/Users/alaroldai/sync/root/Projects/ied-go/src/github.com/alaroldai/goFingerTree/node.go:16.32,18.2 1 1
_/Users/alaroldai/sync/root/Projects/ied-go/src/github.com/alaroldai/goFingerTree/node.go:20.51,22.2 1 1
_/Users/alaroldai/sync/root/Projects/ied-go/src/github.com/alaroldai/goFingerTree/node.go:24.51,26.2 1 1
_/Users/alaroldai/sync/root/Projects/ied-go/src/github.com/alaroldai/goFingerTree/node.go:28.34,30.2 1 1
_/Users/alaroldai/sync/root/Projects/ied-go/src/github.com/alaroldai/goFingerTree/node.go:32.34,34.2 1 1
_/Users/alaroldai/sync/root/Projects/ied-go/src/github.com/alaroldai/goFingerTree/node.go:40.36,42.2 1 1
_/Users/alaroldai/sync/root/Projects/ied-go/src/github.com/alaroldai/goFingerTree/node.go:44.32,46.2 1 1
_/Users/alaroldai/sync/root/Projects/ied-go/src/github.com/alaroldai/goFingerTree/node.go:48.51,50.2 1 1
_/Users/alaroldai/sync/root/Projects/ied-go/src/github.com/alaroldai/goFingerTree/node.go:52.51,54.2 1 1
_/Users/alaroldai/sync/root/Projects/ied-go/src/github.com/alaroldai/goFingerTree/node.go:56.34,58.2 1 1
_/Users/alaroldai/sync/root/Projects/ied-go/src/github.com/alaroldai/goFingerTree/node.go:60.34,62.2 1 1
_/Users/alaroldai/sync/root/Projects/ied-go/src/github.com/alaroldai/goFingerTree/single.go:7.32,9.2 1 1
_/Users/alaroldai/sync/root/Projects/ied-go/src/github.com/alaroldai/goFingerTree/single.go:11.53,13.2 1 1
_/Users/alaroldai/sync/root/Projects/ied-go/src/github.com/alaroldai/goFingerTree/single.go:15.53,17.2 1 1
_/Users/alaroldai/sync/root/Projects/ied-go/src/github.com/alaroldai/goFingerTree/single.go:19.42,25.2 1 1
_/Users/alaroldai/sync/root/Projects/ied-go/src/github.com/alaroldai/goFingerTree/single.go:27.43,29.2 1 1
_/Users/alaroldai/sync/root/Projects/ied-go/src/github.com/alaroldai/goFingerTree/single.go:31.43,33.2 1 1
_/Users/alaroldai/sync/root/Projects/ied-go/src/github.com/alaroldai/goFingerTree/single.go:35.42,41.2 1 1
_/Users/alaroldai/sync/root/Projects/ied-go/src/github.com/alaroldai/goFingerTree/single.go:43.36,45.2 1 1
_/Users/alaroldai/sync/root/Projects/ied-go/src/github.com/alaroldai/goFingerTree/single.go:47.36,49.2 1 1
_/Users/alaroldai/sync/root/Projects/ied-go/src/github.com/alaroldai/goFingerTree/single.go:51.30,53.2 1 1
_/Users/alaroldai/sync/root/Projects/ied-go/src/github.com/alaroldai/goFingerTree/single.go:55.30,57.2 1 1
_/Users/alaroldai/sync/root/Projects/ied-go/src/github.com/alaroldai/goFingerTree/single.go:59.37,61.2 1 1
_/Users/alaroldai/sync/root/Projects/ied-go/src/github.com/alaroldai/goFingerTree/single.go:63.37,65.2 1 1
_/Users/alaroldai/sync/root/Projects/ied-go/src/github.com/alaroldai/goFingerTree/single.go:67.33,69.2 1 1
_/Users/alaroldai/sync/root/Projects/ied-go/src/github.com/alaroldai/goFingerTree/single.go:72.51,74.2 1 1
_/Users/alaroldai/sync/root/Projects/ied-go/src/github.com/alaroldai/goFingerTree/single.go:76.51,78.2 1 1
