mode: set
github.com/alaroldai/goFingerTree/Slice.go:23.48,25.22 2 1
github.com/alaroldai/goFingerTree/Slice.go:28.2,28.10 1 1
github.com/alaroldai/goFingerTree/Slice.go:25.22,27.3 1 1
github.com/alaroldai/goFingerTree/Slice.go:31.48,33.19 2 1
github.com/alaroldai/goFingerTree/Slice.go:36.2,36.10 1 1
github.com/alaroldai/goFingerTree/Slice.go:33.19,35.3 1 1
github.com/alaroldai/goFingerTree/Slice.go:39.34,40.22 1 1
github.com/alaroldai/goFingerTree/Slice.go:40.22,42.3 1 1
github.com/alaroldai/goFingerTree/Slice.go:45.34,46.22 1 1
github.com/alaroldai/goFingerTree/Slice.go:46.22,48.3 1 1
github.com/alaroldai/goFingerTree/Slice.go:51.34,52.22 1 1
github.com/alaroldai/goFingerTree/Slice.go:55.2,55.22 1 1
github.com/alaroldai/goFingerTree/Slice.go:60.2,60.13 1 1
github.com/alaroldai/goFingerTree/Slice.go:52.22,54.3 1 0
github.com/alaroldai/goFingerTree/Slice.go:55.22,56.16 1 1
github.com/alaroldai/goFingerTree/Slice.go:56.16,58.4 1 0
github.com/alaroldai/goFingerTree/Slice.go:63.32,65.2 1 0
github.com/alaroldai/goFingerTree/empty.go:5.25,7.2 1 1
github.com/alaroldai/goFingerTree/empty.go:9.70,11.2 1 1
github.com/alaroldai/goFingerTree/empty.go:13.52,15.2 1 1
github.com/alaroldai/goFingerTree/empty.go:17.52,19.2 1 1
github.com/alaroldai/goFingerTree/empty.go:21.75,23.2 1 1
github.com/alaroldai/goFingerTree/empty.go:25.74,27.2 1 1
github.com/alaroldai/goFingerTree/empty.go:29.74,31.2 1 1
github.com/alaroldai/goFingerTree/empty.go:33.75,35.2 1 1
github.com/alaroldai/goFingerTree/empty.go:37.35,39.2 1 1
github.com/alaroldai/goFingerTree/empty.go:41.35,43.2 1 1
github.com/alaroldai/goFingerTree/empty.go:45.29,47.2 1 1
github.com/alaroldai/goFingerTree/empty.go:49.29,51.2 1 1
github.com/alaroldai/goFingerTree/empty.go:53.68,56.2 1 1
github.com/alaroldai/goFingerTree/empty.go:58.68,60.2 1 1
github.com/alaroldai/goFingerTree/empty.go:62.32,64.2 1 1
github.com/alaroldai/goFingerTree/empty.go:66.93,68.2 1 1
github.com/alaroldai/goFingerTree/empty.go:70.93,72.2 1 1
github.com/alaroldai/goFingerTree/empty.go:74.33,76.2 1 0
github.com/alaroldai/goFingerTree/fingerTree.go:44.43,45.32 1 1
github.com/alaroldai/goFingerTree/fingerTree.go:48.2,48.45 1 1
github.com/alaroldai/goFingerTree/fingerTree.go:45.32,47.3 1 1
github.com/alaroldai/goFingerTree/fingerTree.go:51.85,52.39 1 1
github.com/alaroldai/goFingerTree/fingerTree.go:56.2,56.57 1 1
github.com/alaroldai/goFingerTree/fingerTree.go:52.39,54.3 1 1
github.com/alaroldai/goFingerTree/fingerTree.go:66.53,67.18 1 1
github.com/alaroldai/goFingerTree/fingerTree.go:70.2,70.18 1 1
github.com/alaroldai/goFingerTree/fingerTree.go:73.2,73.18 1 1
github.com/alaroldai/goFingerTree/fingerTree.go:76.2,76.18 1 1
github.com/alaroldai/goFingerTree/fingerTree.go:79.2,79.17 1 1
github.com/alaroldai/goFingerTree/fingerTree.go:82.2,82.16 1 0
github.com/alaroldai/goFingerTree/fingerTree.go:67.18,69.3 1 0
github.com/alaroldai/goFingerTree/fingerTree.go:70.18,72.3 1 1
github.com/alaroldai/goFingerTree/fingerTree.go:73.18,75.3 1 1
github.com/alaroldai/goFingerTree/fingerTree.go:76.18,78.3 1 1
github.com/alaroldai/goFingerTree/fingerTree.go:79.17,81.3 1 1
github.com/alaroldai/goFingerTree/fingerTree.go:89.111,91.68 1 1
github.com/alaroldai/goFingerTree/fingerTree.go:99.2,99.68 1 1
github.com/alaroldai/goFingerTree/fingerTree.go:108.2,108.17 1 1
github.com/alaroldai/goFingerTree/fingerTree.go:111.2,111.17 1 1
github.com/alaroldai/goFingerTree/fingerTree.go:116.2,117.10 2 1
github.com/alaroldai/goFingerTree/fingerTree.go:120.2,121.10 2 1
github.com/alaroldai/goFingerTree/fingerTree.go:126.2,136.3 5 1
github.com/alaroldai/goFingerTree/fingerTree.go:91.68,93.23 2 1
github.com/alaroldai/goFingerTree/fingerTree.go:96.3,96.11 1 1
github.com/alaroldai/goFingerTree/fingerTree.go:93.23,95.4 1 1
github.com/alaroldai/goFingerTree/fingerTree.go:99.68,101.23 2 1
github.com/alaroldai/goFingerTree/fingerTree.go:104.3,104.11 1 1
github.com/alaroldai/goFingerTree/fingerTree.go:101.23,103.4 1 1
github.com/alaroldai/goFingerTree/fingerTree.go:108.17,110.3 1 1
github.com/alaroldai/goFingerTree/fingerTree.go:111.17,113.3 1 1
github.com/alaroldai/goFingerTree/fingerTree.go:117.10,119.3 1 1
github.com/alaroldai/goFingerTree/fingerTree.go:121.10,123.3 1 1
github.com/alaroldai/goFingerTree/fingerTree.go:144.19,151.24 1 0
github.com/alaroldai/goFingerTree/fingerTree.go:151.24,153.6 1 0
github.com/alaroldai/goFingerTree/fingerTree.go:159.74,161.2 1 0
github.com/alaroldai/goFingerTree/fingerTree.go:163.52,165.2 1 0
github.com/alaroldai/goFingerTree/fingerTree.go:166.52,168.2 1 0
github.com/alaroldai/goFingerTree/fingerTree.go:169.35,171.2 1 0
github.com/alaroldai/goFingerTree/fingerTree.go:172.35,174.2 1 0
github.com/alaroldai/goFingerTree/fingerTree.go:175.33,177.2 1 0
github.com/alaroldai/goFingerTree/fingerTree.go:179.37,181.2 1 0
github.com/alaroldai/goFingerTree/fingerTree.go:182.37,184.2 1 0
github.com/alaroldai/goFingerTree/fingerTree.go:186.38,189.2 2 0
github.com/alaroldai/goFingerTree/fingerTree.go:190.38,193.2 2 0
github.com/alaroldai/goFingerTree/fingerTree.go:195.29,197.2 1 0
github.com/alaroldai/goFingerTree/fingerTree.go:198.29,200.2 1 0
github.com/alaroldai/goFingerTree/fingerTree.go:202.32,204.2 1 0
github.com/alaroldai/goFingerTree/fingerTree.go:205.32,207.2 1 0
github.com/alaroldai/goFingerTree/fingerTree.go:209.46,211.2 1 0
github.com/alaroldai/goFingerTree/fingerTree.go:212.46,214.2 1 0
github.com/alaroldai/goFingerTree/fingerTree.go:218.32,220.2 1 0
github.com/alaroldai/goFingerTree/ftree.go:14.112,16.31 2 1
github.com/alaroldai/goFingerTree/ftree.go:23.2,28.3 1 1
github.com/alaroldai/goFingerTree/ftree.go:16.31,20.52 4 1
github.com/alaroldai/goFingerTree/ftree.go:21.3,21.15 1 1
github.com/alaroldai/goFingerTree/ftree.go:20.52,20.78 1 1
github.com/alaroldai/goFingerTree/ftree.go:31.76,33.2 1 1
github.com/alaroldai/goFingerTree/ftree.go:35.58,36.39 1 1
github.com/alaroldai/goFingerTree/ftree.go:41.2,43.28 3 1
github.com/alaroldai/goFingerTree/ftree.go:36.39,39.3 2 1
github.com/alaroldai/goFingerTree/ftree.go:46.58,47.39 1 1
github.com/alaroldai/goFingerTree/ftree.go:52.2,54.27 3 1
github.com/alaroldai/goFingerTree/ftree.go:47.39,50.3 2 1
github.com/alaroldai/goFingerTree/ftree.go:57.81,58.21 1 1
github.com/alaroldai/goFingerTree/ftree.go:67.2,82.3 4 1
github.com/alaroldai/goFingerTree/ftree.go:58.21,65.3 1 1
github.com/alaroldai/goFingerTree/ftree.go:85.80,87.2 1 1
github.com/alaroldai/goFingerTree/ftree.go:89.80,91.2 1 1
github.com/alaroldai/goFingerTree/ftree.go:93.81,94.22 1 1
github.com/alaroldai/goFingerTree/ftree.go:103.2,118.3 4 1
github.com/alaroldai/goFingerTree/ftree.go:94.22,101.3 1 1
github.com/alaroldai/goFingerTree/ftree.go:121.41,122.33 1 1
github.com/alaroldai/goFingerTree/ftree.go:122.33,125.3 2 1
github.com/alaroldai/goFingerTree/ftree.go:128.41,129.33 1 1
github.com/alaroldai/goFingerTree/ftree.go:129.33,132.3 2 1
github.com/alaroldai/goFingerTree/ftree.go:135.35,137.2 1 1
github.com/alaroldai/goFingerTree/ftree.go:139.35,141.2 1 1
github.com/alaroldai/goFingerTree/ftree.go:143.106,144.20 1 1
github.com/alaroldai/goFingerTree/ftree.go:153.2,153.17 1 1
github.com/alaroldai/goFingerTree/ftree.go:157.2,162.3 1 1
github.com/alaroldai/goFingerTree/ftree.go:144.20,151.3 1 1
github.com/alaroldai/goFingerTree/ftree.go:153.17,155.3 1 1
github.com/alaroldai/goFingerTree/ftree.go:165.106,166.19 1 1
github.com/alaroldai/goFingerTree/ftree.go:175.2,175.17 1 1
github.com/alaroldai/goFingerTree/ftree.go:179.2,184.3 1 1
github.com/alaroldai/goFingerTree/ftree.go:166.19,173.3 1 1
github.com/alaroldai/goFingerTree/ftree.go:175.17,177.3 1 1
github.com/alaroldai/goFingerTree/ftree.go:187.74,189.2 1 1
github.com/alaroldai/goFingerTree/ftree.go:191.74,193.2 1 1
github.com/alaroldai/goFingerTree/ftree.go:195.38,197.2 1 1
github.com/alaroldai/goFingerTree/ftree.go:199.103,201.14 2 1
github.com/alaroldai/goFingerTree/ftree.go:205.2,205.51 1 1
github.com/alaroldai/goFingerTree/ftree.go:201.14,203.3 1 1
github.com/alaroldai/goFingerTree/ftree.go:208.103,210.2 1 1
github.com/alaroldai/goFingerTree/ftree.go:212.39,214.2 1 0
github.com/alaroldai/goFingerTree/mdata.go:25.83,30.40 4 1
github.com/alaroldai/goFingerTree/mdata.go:30.40,32.11 2 1
github.com/alaroldai/goFingerTree/mdata.go:35.3,35.26 1 1
github.com/alaroldai/goFingerTree/mdata.go:32.11,34.4 1 1
github.com/alaroldai/goFingerTree/node.go:13.58,19.31 4 1
github.com/alaroldai/goFingerTree/node.go:23.2,24.10 2 1
github.com/alaroldai/goFingerTree/node.go:30.2,30.35 1 1
github.com/alaroldai/goFingerTree/node.go:19.31,21.3 1 1
github.com/alaroldai/goFingerTree/node.go:24.10,26.32 2 1
github.com/alaroldai/goFingerTree/node.go:26.32,28.4 1 1
github.com/alaroldai/goFingerTree/node.go:33.69,35.2 1 1
github.com/alaroldai/goFingerTree/node.go:37.32,39.2 1 1
github.com/alaroldai/goFingerTree/node.go:41.51,43.2 1 1
github.com/alaroldai/goFingerTree/node.go:45.51,47.2 1 1
github.com/alaroldai/goFingerTree/node.go:49.34,51.2 1 1
github.com/alaroldai/goFingerTree/node.go:53.34,55.2 1 1
github.com/alaroldai/goFingerTree/node.go:62.61,68.31 4 1
github.com/alaroldai/goFingerTree/node.go:72.2,73.10 2 1
github.com/alaroldai/goFingerTree/node.go:80.2,80.38 1 1
github.com/alaroldai/goFingerTree/node.go:68.31,70.3 1 1
github.com/alaroldai/goFingerTree/node.go:73.10,76.32 3 1
github.com/alaroldai/goFingerTree/node.go:76.32,78.4 1 1
github.com/alaroldai/goFingerTree/node.go:83.69,85.2 1 1
github.com/alaroldai/goFingerTree/node.go:87.32,89.2 1 1
github.com/alaroldai/goFingerTree/node.go:91.51,93.2 1 1
github.com/alaroldai/goFingerTree/node.go:95.51,97.2 1 1
github.com/alaroldai/goFingerTree/node.go:99.34,101.2 1 1
github.com/alaroldai/goFingerTree/node.go:103.34,105.2 1 1
github.com/alaroldai/goFingerTree/single.go:8.57,10.31 2 1
github.com/alaroldai/goFingerTree/single.go:18.2,18.25 1 1
github.com/alaroldai/goFingerTree/single.go:10.31,13.11 3 1
github.com/alaroldai/goFingerTree/single.go:16.3,16.15 1 1
github.com/alaroldai/goFingerTree/single.go:13.11,15.4 1 1
github.com/alaroldai/goFingerTree/single.go:21.71,23.2 1 1
github.com/alaroldai/goFingerTree/single.go:25.53,27.2 1 1
github.com/alaroldai/goFingerTree/single.go:29.53,31.2 1 1
github.com/alaroldai/goFingerTree/single.go:33.76,40.2 1 1
github.com/alaroldai/goFingerTree/single.go:42.72,44.2 1 1
github.com/alaroldai/goFingerTree/single.go:46.72,48.2 1 1
github.com/alaroldai/goFingerTree/single.go:50.76,57.2 1 1
github.com/alaroldai/goFingerTree/single.go:59.36,61.2 1 1
github.com/alaroldai/goFingerTree/single.go:63.36,65.2 1 1
github.com/alaroldai/goFingerTree/single.go:67.30,69.2 1 1
github.com/alaroldai/goFingerTree/single.go:71.30,73.2 1 1
github.com/alaroldai/goFingerTree/single.go:75.66,77.2 1 1
github.com/alaroldai/goFingerTree/single.go:79.66,81.2 1 1
github.com/alaroldai/goFingerTree/single.go:83.33,85.2 1 1
github.com/alaroldai/goFingerTree/single.go:88.91,90.2 1 1
github.com/alaroldai/goFingerTree/single.go:92.91,94.2 1 1
github.com/alaroldai/goFingerTree/single.go:96.34,98.2 1 0
